[2013-09-18 13:41:43] START
[2013-09-18 13:42:40] EDIT epointme/models/menu.py: 0
[2013-09-18 13:42:52] EDIT epointme/models/menu.py: -105
[2013-09-18 13:43:35] EDIT epointme/views/default/index.html: -28
[2013-09-18 13:45:12] EDIT epointme/views/default/index.html: -1
[2013-09-18 13:45:37] EDIT epointme/views/layout.html: -28
[2013-10-23 23:41:06] EDIT epointme/views/layout.html: 3
[2013-10-23 23:41:43] EDIT epointme/views/layout.html: 0
[2013-10-23 23:41:44] EDIT epointme/views/layout.html: 0
[2013-10-23 23:42:04] EDIT epointme/views/layout.html: 0
[2013-10-23 23:42:18] EDIT epointme/views/layout.html: 0
[2013-10-23 23:42:27] EDIT epointme/views/layout.html: 0
[2013-10-23 23:42:59] EDIT epointme/views/layout.html: 0
[2013-10-23 23:44:45] EDIT epointme/views/layout.html: 0
[2013-10-23 23:45:45] EDIT epointme/controllers/default.py: -6
[2013-10-23 23:46:11] EDIT epointme/views/default/index.html: 0
[2013-10-23 23:48:20] EDIT epointme/views/default/index.html: 13
[2013-10-23 23:48:36] EDIT epointme/views/default/index.html: 0
[2013-10-23 23:48:53] EDIT epointme/views/default/index.html: 0
[2013-10-23 23:49:22] EDIT epointme/views/default/index.html: 0
[2013-10-23 23:50:48] EDIT epointme/models/menu.py: -3
